{"D:\\IFPR\\Teste de Software\\Atividade Avaliativa\\src\\model\\senha.js": {"path":"D:\\IFPR\\Teste de Software\\Atividade Avaliativa\\src\\model\\senha.js","statementMap":{"0":{"start":{"line":3,"column":8},"end":{"line":3,"column":27}},"1":{"start":{"line":7,"column":0},"end":{"line":7,"column":27}}},"fnMap":{"0":{"name":"(anonymous_0)","decl":{"start":{"line":2,"column":4},"end":{"line":2,"column":5}},"loc":{"start":{"line":2,"column":23},"end":{"line":4,"column":5}},"line":2}},"branchMap":{},"s":{"0":18,"1":1},"f":{"0":18},"b":{},"_coverageSchema":"1a1c01bbd47fc00a2c39e90264f33305004495a9","hash":"14d7226e9f1cac9d8c962fe68284e2790e50cda5"}
,"D:\\IFPR\\Teste de Software\\Atividade Avaliativa\\src\\service\\servicoSenha.js": {"path":"D:\\IFPR\\Teste de Software\\Atividade Avaliativa\\src\\service\\servicoSenha.js","statementMap":{"0":{"start":{"line":4,"column":8},"end":{"line":9,"column":42}},"1":{"start":{"line":13,"column":8},"end":{"line":13,"column":33}},"2":{"start":{"line":17,"column":8},"end":{"line":17,"column":33}},"3":{"start":{"line":22,"column":0},"end":{"line":22,"column":34}}},"fnMap":{"0":{"name":"(anonymous_0)","decl":{"start":{"line":3,"column":4},"end":{"line":3,"column":5}},"loc":{"start":{"line":3,"column":33},"end":{"line":10,"column":5}},"line":3},"1":{"name":"(anonymous_1)","decl":{"start":{"line":12,"column":4},"end":{"line":12,"column":5}},"loc":{"start":{"line":12,"column":35},"end":{"line":14,"column":5}},"line":12},"2":{"name":"(anonymous_2)","decl":{"start":{"line":16,"column":4},"end":{"line":16,"column":5}},"loc":{"start":{"line":16,"column":34},"end":{"line":18,"column":5}},"line":16}},"branchMap":{"0":{"loc":{"start":{"line":4,"column":15},"end":{"line":9,"column":41}},"type":"binary-expr","locations":[{"start":{"line":4,"column":15},"end":{"line":4,"column":43}},{"start":{"line":5,"column":8},"end":{"line":5,"column":38}},{"start":{"line":6,"column":8},"end":{"line":6,"column":38}},{"start":{"line":7,"column":8},"end":{"line":7,"column":38}},{"start":{"line":8,"column":8},"end":{"line":8,"column":55}},{"start":{"line":9,"column":8},"end":{"line":9,"column":41}}],"line":4}},"s":{"0":18,"1":18,"2":52,"3":1},"f":{"0":18,"1":18,"2":52},"b":{"0":[18,14,11,10,9,8]},"_coverageSchema":"1a1c01bbd47fc00a2c39e90264f33305004495a9","hash":"03b1d0e23061f3f08d1bc5e892c659e300c0a49a"}
}
